<?xml version="1.0" encoding="UTF-8"?>
<testng-results skipped="0" failed="0" ignored="0" total="2" passed="2">
  <reporter-output>
  </reporter-output>
  <suite name="Default suite" duration-ms="26076" started-at="2021-02-14T14:30:43 CST" finished-at="2021-02-14T14:31:09 CST">
    <groups>
    </groups>
    <test name="Default test" duration-ms="26076" started-at="2021-02-14T14:30:43 CST" finished-at="2021-02-14T14:31:09 CST">
      <class name="testCases.LoginPageTest">
        <test-method status="PASS" signature="setUp()[pri:0, instance:testCases.LoginPageTest@2d6eabae]" name="setUp" is-config="true" duration-ms="4127" started-at="2021-02-14T14:30:43 CST" finished-at="2021-02-14T14:30:47 CST">
          <reporter-output>
          </reporter-output>
        </test-method> <!-- setUp -->
        <test-method status="PASS" signature="loginTest()[pri:1, instance:testCases.LoginPageTest@2d6eabae]" name="loginTest" duration-ms="9126" started-at="2021-02-14T14:30:47 CST" finished-at="2021-02-14T14:30:56 CST">
          <reporter-output>
          </reporter-output>
        </test-method> <!-- loginTest -->
        <test-method status="PASS" signature="tearDown()[pri:0, instance:testCases.LoginPageTest@2d6eabae]" name="tearDown" is-config="true" duration-ms="850" started-at="2021-02-14T14:30:56 CST" finished-at="2021-02-14T14:30:57 CST">
          <reporter-output>
          </reporter-output>
        </test-method> <!-- tearDown -->
        <test-method status="PASS" signature="setUp()[pri:0, instance:testCases.LoginPageTest@2d6eabae]" name="setUp" is-config="true" duration-ms="3087" started-at="2021-02-14T14:30:57 CST" finished-at="2021-02-14T14:31:00 CST">
          <reporter-output>
          </reporter-output>
        </test-method> <!-- setUp -->
        <test-method status="PASS" signature="loginpageTitleTest()[pri:2, instance:testCases.LoginPageTest@2d6eabae]" name="loginpageTitleTest" duration-ms="7914" started-at="2021-02-14T14:31:00 CST" finished-at="2021-02-14T14:31:08 CST">
          <reporter-output>
          </reporter-output>
        </test-method> <!-- loginpageTitleTest -->
        <test-method status="PASS" signature="tearDown()[pri:0, instance:testCases.LoginPageTest@2d6eabae]" name="tearDown" is-config="true" duration-ms="916" started-at="2021-02-14T14:31:08 CST" finished-at="2021-02-14T14:31:09 CST">
          <reporter-output>
          </reporter-output>
        </test-method> <!-- tearDown -->
      </class> <!-- testCases.LoginPageTest -->
    </test> <!-- Default test -->
  </suite> <!-- Default suite -->
</testng-results>
